0 info it worked if it ends with ok
1 verbose cli [ '/Users/andeladeveloper/.nvm/versions/node/v6.0.0/bin/node',
1 verbose cli   '/Users/andeladeveloper/.nvm/versions/node/v6.0.0/bin/npm',
1 verbose cli   'run',
1 verbose cli   'eslint' ]
2 info using npm@3.8.6
3 info using node@v6.0.0
4 verbose run-script [ 'preeslint', 'eslint', 'posteslint' ]
5 info lifecycle cardsforhumanity@1.0.0~preeslint: cardsforhumanity@1.0.0
6 silly lifecycle cardsforhumanity@1.0.0~preeslint: no script for preeslint, continuing
7 info lifecycle cardsforhumanity@1.0.0~eslint: cardsforhumanity@1.0.0
8 verbose lifecycle cardsforhumanity@1.0.0~eslint: unsafe-perm in lifecycle true
9 verbose lifecycle cardsforhumanity@1.0.0~eslint: PATH: /Users/andeladeveloper/.nvm/versions/node/v6.0.0/lib/node_modules/npm/bin/node-gyp-bin:/Users/andeladeveloper/Desktop/new/k2-cfh/node_modules/.bin:/Users/andeladeveloper/.nvm/versions/node/v6.0.0/bin:/Users/andeladeveloper/.nvm/versions/node/v6.0.0/bin:/usr/local/bin:/usr/bin:/bin:/usr/sbin:/sbin
10 verbose lifecycle cardsforhumanity@1.0.0~eslint: CWD: /Users/andeladeveloper/Desktop/new/k2-cfh
11 silly lifecycle cardsforhumanity@1.0.0~eslint: Args: [ '-c', 'node node_modules/eslint/bin/eslint.js ./app' ]
12 silly lifecycle cardsforhumanity@1.0.0~eslint: Returned: code: 1  signal: null
13 info lifecycle cardsforhumanity@1.0.0~eslint: Failed to exec eslint script
14 verbose stack Error: cardsforhumanity@1.0.0 eslint: `node node_modules/eslint/bin/eslint.js ./app`
14 verbose stack Exit status 1
14 verbose stack     at EventEmitter.<anonymous> (/Users/andeladeveloper/.nvm/versions/node/v6.0.0/lib/node_modules/npm/lib/utils/lifecycle.js:239:16)
14 verbose stack     at emitTwo (events.js:106:13)
14 verbose stack     at EventEmitter.emit (events.js:191:7)
14 verbose stack     at ChildProcess.<anonymous> (/Users/andeladeveloper/.nvm/versions/node/v6.0.0/lib/node_modules/npm/lib/utils/spawn.js:24:14)
14 verbose stack     at emitTwo (events.js:106:13)
14 verbose stack     at ChildProcess.emit (events.js:191:7)
14 verbose stack     at maybeClose (internal/child_process.js:850:16)
14 verbose stack     at Process.ChildProcess._handle.onexit (internal/child_process.js:215:5)
15 verbose pkgid cardsforhumanity@1.0.0
16 verbose cwd /Users/andeladeveloper/Desktop/new/k2-cfh
17 error Darwin 17.2.0
18 error argv "/Users/andeladeveloper/.nvm/versions/node/v6.0.0/bin/node" "/Users/andeladeveloper/.nvm/versions/node/v6.0.0/bin/npm" "run" "eslint"
19 error node v6.0.0
20 error npm  v3.8.6
21 error code ELIFECYCLE
22 error cardsforhumanity@1.0.0 eslint: `node node_modules/eslint/bin/eslint.js ./app`
22 error Exit status 1
23 error Failed at the cardsforhumanity@1.0.0 eslint script 'node node_modules/eslint/bin/eslint.js ./app'.
23 error Make sure you have the latest version of node.js and npm installed.
23 error If you do, this is most likely a problem with the cardsforhumanity package,
23 error not with npm itself.
23 error Tell the author that this fails on your system:
23 error     node node_modules/eslint/bin/eslint.js ./app
23 error You can get information on how to open an issue for this project with:
23 error     npm bugs cardsforhumanity
23 error Or if that isn't available, you can get their info via:
23 error     npm owner ls cardsforhumanity
23 error There is likely additional logging output above.
24 verbose exit [ 1, true ]
